[0.157s] [34mcolcon[0m [1;30mDEBUG[0m [32mCommand line arguments: ['/usr/bin/colcon', 'build'][0m
[0.157s] [34mcolcon[0m [1;30mDEBUG[0m [32mParsed command line arguments: Namespace(log_base=None, log_level=None, verb_name='build', build_base='build', install_base='install', merge_install=False, symlink_install=False, test_result_base=None, continue_on_error=False, executor='parallel', parallel_workers=20, event_handlers=None, ignore_user_meta=False, metas=['./colcon.meta'], base_paths=['.'], packages_ignore=None, packages_ignore_regex=None, paths=None, packages_up_to=None, packages_up_to_regex=None, packages_above=None, packages_above_and_dependencies=None, packages_above_depth=None, packages_select_by_dep=None, packages_skip_by_dep=None, packages_skip_up_to=None, packages_select_build_failed=False, packages_skip_build_finished=False, packages_select_test_failures=False, packages_skip_test_passed=False, packages_select=None, packages_skip=None, packages_select_regex=None, packages_skip_regex=None, packages_start=None, packages_end=None, allow_overriding=[], cmake_args=None, cmake_target=None, cmake_target_skip_unavailable=False, cmake_clean_cache=False, cmake_clean_first=False, cmake_force_configure=False, ament_cmake_args=None, catkin_cmake_args=None, catkin_skip_building_tests=False, verb_parser=<colcon_defaults.argument_parser.defaults.DefaultArgumentsDecorator object at 0x7d79ebd93b50>, verb_extension=<colcon_core.verb.build.BuildVerb object at 0x7d79ebf41c90>, main=<bound method BuildVerb.main of <colcon_core.verb.build.BuildVerb object at 0x7d79ebf41c90>>)[0m
[0.327s] [34mcolcon.colcon_core.package_discovery[0m [1;30mLevel 1[0m discover_packages(colcon_meta) check parameters
[0.327s] [34mcolcon.colcon_core.package_discovery[0m [1;30mLevel 1[0m discover_packages(recursive) check parameters
[0.327s] [34mcolcon.colcon_core.package_discovery[0m [1;30mLevel 1[0m discover_packages(ignore) check parameters
[0.327s] [34mcolcon.colcon_core.package_discovery[0m [1;30mLevel 1[0m discover_packages(path) check parameters
[0.327s] [34mcolcon.colcon_core.package_discovery[0m [1;30mLevel 1[0m discover_packages(colcon_meta) discover
[0.327s] [34mcolcon.colcon_core.package_discovery[0m [1;30mLevel 1[0m discover_packages(recursive) discover
[0.327s] [34mcolcon.colcon_core.package_discovery[0m [1;30mINFO[0m Crawling recursively for packages in '/home/zozo/zobot_ws/robotic_arm/ros'
[0.327s] [34mcolcon.colcon_core.package_identification[0m [1;30mLevel 1[0m _identify(.) by extensions ['ignore', 'ignore_ament_install']
[0.336s] [34mcolcon.colcon_core.package_identification[0m [1;30mLevel 1[0m _identify(.) by extension 'ignore'
[0.336s] [34mcolcon.colcon_core.package_identification[0m [1;30mLevel 1[0m _identify(.) by extension 'ignore_ament_install'
[0.336s] [34mcolcon.colcon_core.package_identification[0m [1;30mLevel 1[0m _identify(.) by extensions ['colcon_pkg']
[0.336s] [34mcolcon.colcon_core.package_identification[0m [1;30mLevel 1[0m _identify(.) by extension 'colcon_pkg'
[0.336s] [34mcolcon.colcon_core.package_identification[0m [1;30mLevel 1[0m _identify(.) by extensions ['colcon_meta']
[0.336s] [34mcolcon.colcon_core.package_identification[0m [1;30mLevel 1[0m _identify(.) by extension 'colcon_meta'
[0.336s] [34mcolcon.colcon_core.package_identification[0m [1;30mLevel 1[0m _identify(.) by extensions ['ros']
[0.336s] [34mcolcon.colcon_core.package_identification[0m [1;30mLevel 1[0m _identify(.) by extension 'ros'
[0.348s] [34mcolcon.colcon_core.package_identification[0m [1;30mLevel 1[0m _identify(.) by extensions ['cmake', 'python']
[0.348s] [34mcolcon.colcon_core.package_identification[0m [1;30mLevel 1[0m _identify(.) by extension 'cmake'
[0.348s] [34mcolcon.colcon_core.package_identification[0m [1;30mLevel 1[0m _identify(.) by extension 'python'
[0.348s] [34mcolcon.colcon_core.package_identification[0m [1;30mLevel 1[0m _identify(.) by extensions ['python_setup_py']
[0.348s] [34mcolcon.colcon_core.package_identification[0m [1;30mLevel 1[0m _identify(.) by extension 'python_setup_py'
[0.348s] [34mcolcon.colcon_core.package_identification[0m [1;30mLevel 1[0m _identify(build) by extensions ['ignore', 'ignore_ament_install']
[0.348s] [34mcolcon.colcon_core.package_identification[0m [1;30mLevel 1[0m _identify(build) by extension 'ignore'
[0.348s] [34mcolcon.colcon_core.package_identification[0m [1;30mLevel 1[0m _identify(build) ignored
[0.348s] [34mcolcon.colcon_core.package_identification[0m [1;30mLevel 1[0m _identify(install) by extensions ['ignore', 'ignore_ament_install']
[0.348s] [34mcolcon.colcon_core.package_identification[0m [1;30mLevel 1[0m _identify(install) by extension 'ignore'
[0.349s] [34mcolcon.colcon_core.package_identification[0m [1;30mLevel 1[0m _identify(install) ignored
[0.349s] [34mcolcon.colcon_core.package_identification[0m [1;30mLevel 1[0m _identify(log) by extensions ['ignore', 'ignore_ament_install']
[0.349s] [34mcolcon.colcon_core.package_identification[0m [1;30mLevel 1[0m _identify(log) by extension 'ignore'
[0.349s] [34mcolcon.colcon_core.package_identification[0m [1;30mLevel 1[0m _identify(log) ignored
[0.349s] [34mcolcon.colcon_core.package_identification[0m [1;30mLevel 1[0m _identify(ur10_joint_publisher) by extensions ['ignore', 'ignore_ament_install']
[0.349s] [34mcolcon.colcon_core.package_identification[0m [1;30mLevel 1[0m _identify(ur10_joint_publisher) by extension 'ignore'
[0.349s] [34mcolcon.colcon_core.package_identification[0m [1;30mLevel 1[0m _identify(ur10_joint_publisher) by extension 'ignore_ament_install'
[0.349s] [34mcolcon.colcon_core.package_identification[0m [1;30mLevel 1[0m _identify(ur10_joint_publisher) by extensions ['colcon_pkg']
[0.349s] [34mcolcon.colcon_core.package_identification[0m [1;30mLevel 1[0m _identify(ur10_joint_publisher) by extension 'colcon_pkg'
[0.349s] [34mcolcon.colcon_core.package_identification[0m [1;30mLevel 1[0m _identify(ur10_joint_publisher) by extensions ['colcon_meta']
[0.349s] [34mcolcon.colcon_core.package_identification[0m [1;30mLevel 1[0m _identify(ur10_joint_publisher) by extension 'colcon_meta'
[0.349s] [34mcolcon.colcon_core.package_identification[0m [1;30mLevel 1[0m _identify(ur10_joint_publisher) by extensions ['ros']
[0.349s] [34mcolcon.colcon_core.package_identification[0m [1;30mLevel 1[0m _identify(ur10_joint_publisher) by extension 'ros'
[0.355s] [34mcolcon.colcon_core.package_identification[0m [1;30mDEBUG[0m [32mPackage 'ur10_joint_publisher' with type 'ros.ament_python' and name 'ur10_joint_publisher'[0m
[0.355s] [34mcolcon.colcon_core.package_discovery[0m [1;30mLevel 1[0m discover_packages(recursive) using defaults
[0.355s] [34mcolcon.colcon_core.package_discovery[0m [1;30mLevel 1[0m discover_packages(ignore) discover
[0.355s] [34mcolcon.colcon_core.package_discovery[0m [1;30mLevel 1[0m discover_packages(ignore) using defaults
[0.355s] [34mcolcon.colcon_core.package_discovery[0m [1;30mLevel 1[0m discover_packages(path) discover
[0.355s] [34mcolcon.colcon_core.package_discovery[0m [1;30mLevel 1[0m discover_packages(path) using defaults
[0.374s] [34mcolcon.colcon_core.package_discovery[0m [1;30mLevel 1[0m discover_packages(prefix_path) check parameters
[0.374s] [34mcolcon.colcon_core.package_discovery[0m [1;30mLevel 1[0m discover_packages(prefix_path) discover
[0.377s] [34mcolcon.colcon_ros.prefix_path.ament[0m [1;30mWARNING[0m [33mThe path '/home/zozo/zobot_ws/robotic_arm/ros/install/ur10_joint_publisher' in the environment variable AMENT_PREFIX_PATH doesn't exist[0m
[0.379s] [34mcolcon.colcon_installed_package_information.package_discovery[0m [1;30mDEBUG[0m [32mFound 0 installed packages in /home/zozo/zobot_ws/robotic_arm/ros/install[0m
[0.381s] [34mcolcon.colcon_installed_package_information.package_discovery[0m [1;30mDEBUG[0m [32mFound 312 installed packages in /opt/ros/humble[0m
[0.382s] [34mcolcon.colcon_core.package_discovery[0m [1;30mLevel 1[0m discover_packages(prefix_path) using defaults
[0.437s] [34mcolcon.colcon_core.verb[0m [1;30mLevel 5[0m set package 'ur10_joint_publisher' build argument 'cmake_args' from command line to 'None'
[0.437s] [34mcolcon.colcon_core.verb[0m [1;30mLevel 5[0m set package 'ur10_joint_publisher' build argument 'cmake_target' from command line to 'None'
[0.437s] [34mcolcon.colcon_core.verb[0m [1;30mLevel 5[0m set package 'ur10_joint_publisher' build argument 'cmake_target_skip_unavailable' from command line to 'False'
[0.437s] [34mcolcon.colcon_core.verb[0m [1;30mLevel 5[0m set package 'ur10_joint_publisher' build argument 'cmake_clean_cache' from command line to 'False'
[0.437s] [34mcolcon.colcon_core.verb[0m [1;30mLevel 5[0m set package 'ur10_joint_publisher' build argument 'cmake_clean_first' from command line to 'False'
[0.437s] [34mcolcon.colcon_core.verb[0m [1;30mLevel 5[0m set package 'ur10_joint_publisher' build argument 'cmake_force_configure' from command line to 'False'
[0.437s] [34mcolcon.colcon_core.verb[0m [1;30mLevel 5[0m set package 'ur10_joint_publisher' build argument 'ament_cmake_args' from command line to 'None'
[0.437s] [34mcolcon.colcon_core.verb[0m [1;30mLevel 5[0m set package 'ur10_joint_publisher' build argument 'catkin_cmake_args' from command line to 'None'
[0.437s] [34mcolcon.colcon_core.verb[0m [1;30mLevel 5[0m set package 'ur10_joint_publisher' build argument 'catkin_skip_building_tests' from command line to 'False'
[0.437s] [34mcolcon.colcon_core.verb[0m [1;30mDEBUG[0m [32mBuilding package 'ur10_joint_publisher' with the following arguments: {'ament_cmake_args': None, 'build_base': '/home/zozo/zobot_ws/robotic_arm/ros/build/ur10_joint_publisher', 'catkin_cmake_args': None, 'catkin_skip_building_tests': False, 'cmake_args': None, 'cmake_clean_cache': False, 'cmake_clean_first': False, 'cmake_force_configure': False, 'cmake_target': None, 'cmake_target_skip_unavailable': False, 'install_base': '/home/zozo/zobot_ws/robotic_arm/ros/install/ur10_joint_publisher', 'merge_install': False, 'path': '/home/zozo/zobot_ws/robotic_arm/ros/ur10_joint_publisher', 'symlink_install': False, 'test_result_base': None}[0m
[0.437s] [34mcolcon.colcon_core.executor[0m [1;30mINFO[0m Executing jobs using 'parallel' executor
[0.438s] [34mcolcon.colcon_parallel_executor.executor.parallel[0m [1;30mDEBUG[0m [32mrun_until_complete[0m
[0.438s] [34mcolcon.colcon_ros.task.ament_python.build[0m [1;30mINFO[0m Building ROS package in '/home/zozo/zobot_ws/robotic_arm/ros/ur10_joint_publisher' with build type 'ament_python'
[0.438s] [34mcolcon.colcon_core.shell[0m [1;30mLevel 1[0m create_environment_hook('ur10_joint_publisher', 'ament_prefix_path')
[0.442s] [34mcolcon.colcon_core.plugin_system[0m [1;30mINFO[0m Skipping extension 'colcon_core.shell.bat': Not used on non-Windows systems
[0.442s] [34mcolcon.colcon_core.shell[0m [1;30mINFO[0m Creating environment hook '/home/zozo/zobot_ws/robotic_arm/ros/install/ur10_joint_publisher/share/ur10_joint_publisher/hook/ament_prefix_path.ps1'
[0.443s] [34mcolcon.colcon_core.shell[0m [1;30mINFO[0m Creating environment descriptor '/home/zozo/zobot_ws/robotic_arm/ros/install/ur10_joint_publisher/share/ur10_joint_publisher/hook/ament_prefix_path.dsv'
[0.443s] [34mcolcon.colcon_core.shell[0m [1;30mINFO[0m Creating environment hook '/home/zozo/zobot_ws/robotic_arm/ros/install/ur10_joint_publisher/share/ur10_joint_publisher/hook/ament_prefix_path.sh'
[0.444s] [34mcolcon.colcon_core.shell[0m [1;30mINFO[0m Skip shell extension 'powershell' for command environment: Not usable outside of PowerShell
[0.444s] [34mcolcon.colcon_core.shell[0m [1;30mDEBUG[0m [32mSkip shell extension 'dsv' for command environment[0m
[0.664s] [34mcolcon.colcon_core.task.python.build[0m [1;30mINFO[0m Building Python package in '/home/zozo/zobot_ws/robotic_arm/ros/ur10_joint_publisher'
[0.664s] [34mcolcon.colcon_core.shell[0m [1;30mINFO[0m Skip shell extension 'powershell' for command environment: Not usable outside of PowerShell
[0.664s] [34mcolcon.colcon_core.shell[0m [1;30mDEBUG[0m [32mSkip shell extension 'dsv' for command environment[0m
[1.000s] [34mcolcon.colcon_core.event_handler.log_command[0m [1;30mDEBUG[0m [32mInvoking command in '/home/zozo/zobot_ws/robotic_arm/ros/ur10_joint_publisher': PYTHONPATH=/home/zozo/zobot_ws/robotic_arm/ros/build/ur10_joint_publisher/prefix_override:/usr/lib/python3/dist-packages/colcon_core/task/python/colcon_distutils_commands:/home/zozo/zobot_ws/robotic_arm/ros/install/ur10_joint_publisher/lib/python3.10/site-packages:${PYTHONPATH} _=/usr/bin/env /usr/bin/python3 -W ignore:setup.py install is deprecated -W ignore:easy_install command is deprecated setup.py egg_info --egg-base ../build/ur10_joint_publisher build --build-base /home/zozo/zobot_ws/robotic_arm/ros/build/ur10_joint_publisher/build install --record /home/zozo/zobot_ws/robotic_arm/ros/build/ur10_joint_publisher/install.log --single-version-externally-managed install_data[0m
[1.190s] [34mcolcon.colcon_core.event_handler.log_command[0m [1;30mDEBUG[0m [32mInvoked command in '/home/zozo/zobot_ws/robotic_arm/ros/ur10_joint_publisher' returned '0': PYTHONPATH=/home/zozo/zobot_ws/robotic_arm/ros/build/ur10_joint_publisher/prefix_override:/usr/lib/python3/dist-packages/colcon_core/task/python/colcon_distutils_commands:/home/zozo/zobot_ws/robotic_arm/ros/install/ur10_joint_publisher/lib/python3.10/site-packages:${PYTHONPATH} _=/usr/bin/env /usr/bin/python3 -W ignore:setup.py install is deprecated -W ignore:easy_install command is deprecated setup.py egg_info --egg-base ../build/ur10_joint_publisher build --build-base /home/zozo/zobot_ws/robotic_arm/ros/build/ur10_joint_publisher/build install --record /home/zozo/zobot_ws/robotic_arm/ros/build/ur10_joint_publisher/install.log --single-version-externally-managed install_data[0m
[1.194s] [34mcolcon.colcon_core.environment[0m [1;30mLevel 1[0m checking '/home/zozo/zobot_ws/robotic_arm/ros/install/ur10_joint_publisher' for CMake module files
[1.194s] [34mcolcon.colcon_core.environment[0m [1;30mLevel 1[0m checking '/home/zozo/zobot_ws/robotic_arm/ros/install/ur10_joint_publisher' for CMake config files
[1.194s] [34mcolcon.colcon_core.environment[0m [1;30mLevel 1[0m checking '/home/zozo/zobot_ws/robotic_arm/ros/install/ur10_joint_publisher/lib'
[1.194s] [34mcolcon.colcon_core.environment[0m [1;30mLevel 1[0m checking '/home/zozo/zobot_ws/robotic_arm/ros/install/ur10_joint_publisher/bin'
[1.194s] [34mcolcon.colcon_core.environment[0m [1;30mLevel 1[0m checking '/home/zozo/zobot_ws/robotic_arm/ros/install/ur10_joint_publisher/lib/pkgconfig/ur10_joint_publisher.pc'
[1.195s] [34mcolcon.colcon_core.environment[0m [1;30mLevel 1[0m checking '/home/zozo/zobot_ws/robotic_arm/ros/install/ur10_joint_publisher/lib/python3.10/site-packages'
[1.195s] [34mcolcon.colcon_core.shell[0m [1;30mLevel 1[0m create_environment_hook('ur10_joint_publisher', 'pythonpath')
[1.195s] [34mcolcon.colcon_core.shell[0m [1;30mINFO[0m Creating environment hook '/home/zozo/zobot_ws/robotic_arm/ros/install/ur10_joint_publisher/share/ur10_joint_publisher/hook/pythonpath.ps1'
[1.195s] [34mcolcon.colcon_core.shell[0m [1;30mINFO[0m Creating environment descriptor '/home/zozo/zobot_ws/robotic_arm/ros/install/ur10_joint_publisher/share/ur10_joint_publisher/hook/pythonpath.dsv'
[1.195s] [34mcolcon.colcon_core.shell[0m [1;30mINFO[0m Creating environment hook '/home/zozo/zobot_ws/robotic_arm/ros/install/ur10_joint_publisher/share/ur10_joint_publisher/hook/pythonpath.sh'
[1.196s] [34mcolcon.colcon_core.environment[0m [1;30mLevel 1[0m checking '/home/zozo/zobot_ws/robotic_arm/ros/install/ur10_joint_publisher/bin'
[1.196s] [34mcolcon.colcon_core.environment[0m [1;30mLevel 1[0m create_environment_scripts_only(ur10_joint_publisher)
[1.196s] [34mcolcon.colcon_core.shell[0m [1;30mINFO[0m Creating package script '/home/zozo/zobot_ws/robotic_arm/ros/install/ur10_joint_publisher/share/ur10_joint_publisher/package.ps1'
[1.196s] [34mcolcon.colcon_core.shell[0m [1;30mINFO[0m Creating package descriptor '/home/zozo/zobot_ws/robotic_arm/ros/install/ur10_joint_publisher/share/ur10_joint_publisher/package.dsv'
[1.197s] [34mcolcon.colcon_core.shell[0m [1;30mINFO[0m Creating package script '/home/zozo/zobot_ws/robotic_arm/ros/install/ur10_joint_publisher/share/ur10_joint_publisher/package.sh'
[1.197s] [34mcolcon.colcon_core.shell[0m [1;30mINFO[0m Creating package script '/home/zozo/zobot_ws/robotic_arm/ros/install/ur10_joint_publisher/share/ur10_joint_publisher/package.bash'
[1.198s] [34mcolcon.colcon_core.shell[0m [1;30mINFO[0m Creating package script '/home/zozo/zobot_ws/robotic_arm/ros/install/ur10_joint_publisher/share/ur10_joint_publisher/package.zsh'
[1.198s] [34mcolcon.colcon_core.environment[0m [1;30mLevel 1[0m create_file_with_runtime_dependencies(/home/zozo/zobot_ws/robotic_arm/ros/install/ur10_joint_publisher/share/colcon-core/packages/ur10_joint_publisher)
[1.199s] [34mcolcon.colcon_parallel_executor.executor.parallel[0m [1;30mDEBUG[0m [32mclosing loop[0m
[1.199s] [34mcolcon.colcon_parallel_executor.executor.parallel[0m [1;30mDEBUG[0m [32mloop closed[0m
[1.199s] [34mcolcon.colcon_parallel_executor.executor.parallel[0m [1;30mDEBUG[0m [32mrun_until_complete finished with '0'[0m
[1.199s] [34mcolcon.colcon_core.event_reactor[0m [1;30mDEBUG[0m [32mjoining thread[0m
[1.210s] [34mcolcon.colcon_core.plugin_system[0m [1;30mINFO[0m Skipping extension 'colcon_notification.desktop_notification.notify_send': Could not find 'notify-send'
[1.211s] [34mcolcon.colcon_core.plugin_system[0m [1;30mINFO[0m Skipping extension 'colcon_notification.desktop_notification.terminal_notifier': Not used on non-Darwin systems
[1.211s] [34mcolcon.colcon_core.plugin_system[0m [1;30mINFO[0m Skipping extension 'colcon_notification.desktop_notification.win32': Not used on non-Windows systems
[1.211s] [34mcolcon.colcon_notification.desktop_notification[0m [1;30mINFO[0m Sending desktop notification using 'notify2'
[1.219s] [34mcolcon.colcon_notification.desktop_notification.notify2[0m [1;30mDEBUG[0m [32mFailed to initialize notify2: org.freedesktop.DBus.Error.Spawn.ExecFailed: /usr/bin/dbus-launch terminated abnormally without any error message[0m
[1.220s] [34mcolcon.colcon_core.event_reactor[0m [1;30mDEBUG[0m [32mjoined thread[0m
[1.220s] [34mcolcon.colcon_core.shell[0m [1;30mINFO[0m Creating prefix script '/home/zozo/zobot_ws/robotic_arm/ros/install/local_setup.ps1'
[1.221s] [34mcolcon.colcon_core.shell[0m [1;30mINFO[0m Creating prefix util module '/home/zozo/zobot_ws/robotic_arm/ros/install/_local_setup_util_ps1.py'
[1.223s] [34mcolcon.colcon_core.shell[0m [1;30mINFO[0m Creating prefix chain script '/home/zozo/zobot_ws/robotic_arm/ros/install/setup.ps1'
[1.224s] [34mcolcon.colcon_core.shell[0m [1;30mINFO[0m Creating prefix script '/home/zozo/zobot_ws/robotic_arm/ros/install/local_setup.sh'
[1.224s] [34mcolcon.colcon_core.shell[0m [1;30mINFO[0m Creating prefix util module '/home/zozo/zobot_ws/robotic_arm/ros/install/_local_setup_util_sh.py'
[1.225s] [34mcolcon.colcon_core.shell[0m [1;30mINFO[0m Creating prefix chain script '/home/zozo/zobot_ws/robotic_arm/ros/install/setup.sh'
[1.225s] [34mcolcon.colcon_core.shell[0m [1;30mINFO[0m Creating prefix script '/home/zozo/zobot_ws/robotic_arm/ros/install/local_setup.bash'
[1.226s] [34mcolcon.colcon_core.shell[0m [1;30mINFO[0m Creating prefix chain script '/home/zozo/zobot_ws/robotic_arm/ros/install/setup.bash'
[1.227s] [34mcolcon.colcon_core.shell[0m [1;30mINFO[0m Creating prefix script '/home/zozo/zobot_ws/robotic_arm/ros/install/local_setup.zsh'
[1.227s] [34mcolcon.colcon_core.shell[0m [1;30mINFO[0m Creating prefix chain script '/home/zozo/zobot_ws/robotic_arm/ros/install/setup.zsh'
