running egg_info
creating ../build/ur10_joint_publisher/ur10_joint_publisher.egg-info
writing ../build/ur10_joint_publisher/ur10_joint_publisher.egg-info/PKG-INFO
writing dependency_links to ../build/ur10_joint_publisher/ur10_joint_publisher.egg-info/dependency_links.txt
writing entry points to ../build/ur10_joint_publisher/ur10_joint_publisher.egg-info/entry_points.txt
writing requirements to ../build/ur10_joint_publisher/ur10_joint_publisher.egg-info/requires.txt
writing top-level names to ../build/ur10_joint_publisher/ur10_joint_publisher.egg-info/top_level.txt
writing manifest file '../build/ur10_joint_publisher/ur10_joint_publisher.egg-info/SOURCES.txt'
reading manifest file '../build/ur10_joint_publisher/ur10_joint_publisher.egg-info/SOURCES.txt'
writing manifest file '../build/ur10_joint_publisher/ur10_joint_publisher.egg-info/SOURCES.txt'
running build
running build_py
creating /home/zozo/zobot_ws/robotic_arm/ros/build/ur10_joint_publisher/build
creating /home/zozo/zobot_ws/robotic_arm/ros/build/ur10_joint_publisher/build/lib
creating /home/zozo/zobot_ws/robotic_arm/ros/build/ur10_joint_publisher/build/lib/ur10_joint_publisher
copying ur10_joint_publisher/__init__.py -> /home/zozo/zobot_ws/robotic_arm/ros/build/ur10_joint_publisher/build/lib/ur10_joint_publisher
copying ur10_joint_publisher/joint_publisher.py -> /home/zozo/zobot_ws/robotic_arm/ros/build/ur10_joint_publisher/build/lib/ur10_joint_publisher
running install
running install_lib
creating /home/zozo/zobot_ws/robotic_arm/ros/install/ur10_joint_publisher/lib/python3.10/site-packages/ur10_joint_publisher
copying /home/zozo/zobot_ws/robotic_arm/ros/build/ur10_joint_publisher/build/lib/ur10_joint_publisher/__init__.py -> /home/zozo/zobot_ws/robotic_arm/ros/install/ur10_joint_publisher/lib/python3.10/site-packages/ur10_joint_publisher
copying /home/zozo/zobot_ws/robotic_arm/ros/build/ur10_joint_publisher/build/lib/ur10_joint_publisher/joint_publisher.py -> /home/zozo/zobot_ws/robotic_arm/ros/install/ur10_joint_publisher/lib/python3.10/site-packages/ur10_joint_publisher
byte-compiling /home/zozo/zobot_ws/robotic_arm/ros/install/ur10_joint_publisher/lib/python3.10/site-packages/ur10_joint_publisher/__init__.py to __init__.cpython-310.pyc
byte-compiling /home/zozo/zobot_ws/robotic_arm/ros/install/ur10_joint_publisher/lib/python3.10/site-packages/ur10_joint_publisher/joint_publisher.py to joint_publisher.cpython-310.pyc
running install_data
creating /home/zozo/zobot_ws/robotic_arm/ros/install/ur10_joint_publisher/share/ament_index
creating /home/zozo/zobot_ws/robotic_arm/ros/install/ur10_joint_publisher/share/ament_index/resource_index
creating /home/zozo/zobot_ws/robotic_arm/ros/install/ur10_joint_publisher/share/ament_index/resource_index/packages
copying resource/ur10_joint_publisher -> /home/zozo/zobot_ws/robotic_arm/ros/install/ur10_joint_publisher/share/ament_index/resource_index/packages
copying package.xml -> /home/zozo/zobot_ws/robotic_arm/ros/install/ur10_joint_publisher/share/ur10_joint_publisher
running install_egg_info
Copying ../build/ur10_joint_publisher/ur10_joint_publisher.egg-info to /home/zozo/zobot_ws/robotic_arm/ros/install/ur10_joint_publisher/lib/python3.10/site-packages/ur10_joint_publisher-0.0.0-py3.10.egg-info
running install_scripts
Installing joint_publisher script to /home/zozo/zobot_ws/robotic_arm/ros/install/ur10_joint_publisher/lib/ur10_joint_publisher
writing list of installed files to '/home/zozo/zobot_ws/robotic_arm/ros/build/ur10_joint_publisher/install.log'
