[0.562s] Invoking command in '/home/zozo/zobot_ws/robotic_arm/ros/ur10_joint_publisher': PYTHONPATH=/home/zozo/zobot_ws/robotic_arm/ros/build/ur10_joint_publisher/prefix_override:/usr/lib/python3/dist-packages/colcon_core/task/python/colcon_distutils_commands:/home/zozo/zobot_ws/robotic_arm/ros/install/ur10_joint_publisher/lib/python3.10/site-packages:${PYTHONPATH} _=/usr/bin/env /usr/bin/python3 -W ignore:setup.py install is deprecated -W ignore:easy_install command is deprecated setup.py egg_info --egg-base ../build/ur10_joint_publisher build --build-base /home/zozo/zobot_ws/robotic_arm/ros/build/ur10_joint_publisher/build install --record /home/zozo/zobot_ws/robotic_arm/ros/build/ur10_joint_publisher/install.log --single-version-externally-managed install_data
[0.713s] running egg_info
[0.713s] creating ../build/ur10_joint_publisher/ur10_joint_publisher.egg-info
[0.714s] writing ../build/ur10_joint_publisher/ur10_joint_publisher.egg-info/PKG-INFO
[0.714s] writing dependency_links to ../build/ur10_joint_publisher/ur10_joint_publisher.egg-info/dependency_links.txt
[0.714s] writing entry points to ../build/ur10_joint_publisher/ur10_joint_publisher.egg-info/entry_points.txt
[0.714s] writing requirements to ../build/ur10_joint_publisher/ur10_joint_publisher.egg-info/requires.txt
[0.714s] writing top-level names to ../build/ur10_joint_publisher/ur10_joint_publisher.egg-info/top_level.txt
[0.714s] writing manifest file '../build/ur10_joint_publisher/ur10_joint_publisher.egg-info/SOURCES.txt'
[0.715s] reading manifest file '../build/ur10_joint_publisher/ur10_joint_publisher.egg-info/SOURCES.txt'
[0.715s] writing manifest file '../build/ur10_joint_publisher/ur10_joint_publisher.egg-info/SOURCES.txt'
[0.715s] running build
[0.715s] running build_py
[0.715s] creating /home/zozo/zobot_ws/robotic_arm/ros/build/ur10_joint_publisher/build
[0.715s] creating /home/zozo/zobot_ws/robotic_arm/ros/build/ur10_joint_publisher/build/lib
[0.715s] creating /home/zozo/zobot_ws/robotic_arm/ros/build/ur10_joint_publisher/build/lib/ur10_joint_publisher
[0.716s] copying ur10_joint_publisher/__init__.py -> /home/zozo/zobot_ws/robotic_arm/ros/build/ur10_joint_publisher/build/lib/ur10_joint_publisher
[0.716s] copying ur10_joint_publisher/joint_publisher.py -> /home/zozo/zobot_ws/robotic_arm/ros/build/ur10_joint_publisher/build/lib/ur10_joint_publisher
[0.716s] running install
[0.716s] running install_lib
[0.717s] creating /home/zozo/zobot_ws/robotic_arm/ros/install/ur10_joint_publisher/lib/python3.10/site-packages/ur10_joint_publisher
[0.717s] copying /home/zozo/zobot_ws/robotic_arm/ros/build/ur10_joint_publisher/build/lib/ur10_joint_publisher/__init__.py -> /home/zozo/zobot_ws/robotic_arm/ros/install/ur10_joint_publisher/lib/python3.10/site-packages/ur10_joint_publisher
[0.717s] copying /home/zozo/zobot_ws/robotic_arm/ros/build/ur10_joint_publisher/build/lib/ur10_joint_publisher/joint_publisher.py -> /home/zozo/zobot_ws/robotic_arm/ros/install/ur10_joint_publisher/lib/python3.10/site-packages/ur10_joint_publisher
[0.717s] byte-compiling /home/zozo/zobot_ws/robotic_arm/ros/install/ur10_joint_publisher/lib/python3.10/site-packages/ur10_joint_publisher/__init__.py to __init__.cpython-310.pyc
[0.717s] byte-compiling /home/zozo/zobot_ws/robotic_arm/ros/install/ur10_joint_publisher/lib/python3.10/site-packages/ur10_joint_publisher/joint_publisher.py to joint_publisher.cpython-310.pyc
[0.718s] running install_data
[0.718s] creating /home/zozo/zobot_ws/robotic_arm/ros/install/ur10_joint_publisher/share/ament_index
[0.718s] creating /home/zozo/zobot_ws/robotic_arm/ros/install/ur10_joint_publisher/share/ament_index/resource_index
[0.718s] creating /home/zozo/zobot_ws/robotic_arm/ros/install/ur10_joint_publisher/share/ament_index/resource_index/packages
[0.718s] copying resource/ur10_joint_publisher -> /home/zozo/zobot_ws/robotic_arm/ros/install/ur10_joint_publisher/share/ament_index/resource_index/packages
[0.718s] copying package.xml -> /home/zozo/zobot_ws/robotic_arm/ros/install/ur10_joint_publisher/share/ur10_joint_publisher
[0.718s] running install_egg_info
[0.719s] Copying ../build/ur10_joint_publisher/ur10_joint_publisher.egg-info to /home/zozo/zobot_ws/robotic_arm/ros/install/ur10_joint_publisher/lib/python3.10/site-packages/ur10_joint_publisher-0.0.0-py3.10.egg-info
[0.719s] running install_scripts
[0.732s] Installing joint_publisher script to /home/zozo/zobot_ws/robotic_arm/ros/install/ur10_joint_publisher/lib/ur10_joint_publisher
[0.732s] writing list of installed files to '/home/zozo/zobot_ws/robotic_arm/ros/build/ur10_joint_publisher/install.log'
[0.751s] Invoked command in '/home/zozo/zobot_ws/robotic_arm/ros/ur10_joint_publisher' returned '0': PYTHONPATH=/home/zozo/zobot_ws/robotic_arm/ros/build/ur10_joint_publisher/prefix_override:/usr/lib/python3/dist-packages/colcon_core/task/python/colcon_distutils_commands:/home/zozo/zobot_ws/robotic_arm/ros/install/ur10_joint_publisher/lib/python3.10/site-packages:${PYTHONPATH} _=/usr/bin/env /usr/bin/python3 -W ignore:setup.py install is deprecated -W ignore:easy_install command is deprecated setup.py egg_info --egg-base ../build/ur10_joint_publisher build --build-base /home/zozo/zobot_ws/robotic_arm/ros/build/ur10_joint_publisher/build install --record /home/zozo/zobot_ws/robotic_arm/ros/build/ur10_joint_publisher/install.log --single-version-externally-managed install_data
